08 Mär 2020 12:52:31,760 {AWT-EventQueue-0} INFO  com.cakir.serviceImpl.SortieraktionServiceImpl  - No Sortieraktion entry with id : 
08 Mär 2020 12:53:20,052 {AWT-EventQueue-0} INFO  com.cakir.serviceImpl.SortieraktionServiceImpl  - No Sortieraktion entry with id : 
08 Mär 2020 12:54:20,204 {AWT-EventQueue-0} INFO  com.cakir.serviceImpl.SortieraktionServiceImpl  - No Sortieraktion entry with id : 
08 Mär 2020 12:54:50,348 {AWT-EventQueue-0} INFO  com.cakir.serviceImpl.SortieraktionServiceImpl  - No Sortieraktion entry with id : 
08 Mär 2020 12:55:13,404 {AWT-EventQueue-0} INFO  com.cakir.serviceImpl.SortieraktionServiceImpl  - No Sortieraktion entry with id : 
08 Mär 2020 12:55:52,241 {AWT-EventQueue-0} INFO  com.cakir.serviceImpl.SortieraktionServiceImpl  - No Sortieraktion entry with id : 
08 Mär 2020 12:55:54,708 {AWT-EventQueue-0} INFO  com.cakir.serviceImpl.SortieraktionServiceImpl  - No Sortieraktion entry with id : 
08 Mär 2020 12:56:23,001 {AWT-EventQueue-0} INFO  com.cakir.serviceImpl.SortieraktionServiceImpl  - No Sortieraktion entry with id : 
08 Mär 2020 12:56:27,516 {AWT-EventQueue-0} INFO  com.cakir.serviceImpl.SortieraktionServiceImpl  - No Sortieraktion entry with id : 233
08 Mär 2020 12:56:37,765 {AWT-EventQueue-0} INFO  com.cakir.serviceImpl.SortieraktionServiceImpl  - No Sortieraktion entry with id : 
08 Mär 2020 12:56:50,902 {AWT-EventQueue-0} INFO  com.cakir.serviceImpl.SortieraktionServiceImpl  - No Sortieraktion entry with id : 
08 Mär 2020 13:00:42,472 {AWT-EventQueue-0} INFO  com.cakir.serviceImpl.SortieraktionServiceImpl  - No Sortieraktion entry with id : dfggd
08 Mär 2020 13:01:11,043 {AWT-EventQueue-0} INFO  com.cakir.serviceImpl.SortieraktionServiceImpl  - No Sortieraktion entry with id : fsdfsdf
08 Mär 2020 13:01:22,669 {AWT-EventQueue-0} INFO  com.cakir.serviceImpl.SortieraktionServiceImpl  - No Sortieraktion entry with id : dss
08 Mär 2020 13:02:03,571 {AWT-EventQueue-0} INFO  com.cakir.serviceImpl.SortieraktionServiceImpl  - No Sortieraktion entry with id : 
08 Mär 2020 13:02:31,918 {AWT-EventQueue-0} INFO  com.cakir.serviceImpl.SortieraktionServiceImpl  - No Sortieraktion entry with id : 
08 Mär 2020 13:02:36,261 {AWT-EventQueue-0} INFO  com.cakir.serviceImpl.SortieraktionServiceImpl  - No Sortieraktion entry with id : 
08 Mär 2020 13:02:39,451 {AWT-EventQueue-0} INFO  com.cakir.serviceImpl.SortieraktionServiceImpl  - No Sortieraktion entry with id : 
08 Mär 2020 13:02:44,658 {AWT-EventQueue-0} INFO  com.cakir.serviceImpl.SortieraktionServiceImpl  - No Sortieraktion entry with id : 
08 Mär 2020 13:07:30,731 {AWT-EventQueue-0} INFO  com.cakir.serviceImpl.SortieraktionServiceImpl  - No Sortieraktion entry with id : 
08 Mär 2020 13:07:54,696 {AWT-EventQueue-0} INFO  com.cakir.serviceImpl.SortieraktionServiceImpl  - No Sortieraktion entry with id : 
08 Mär 2020 13:10:00,950 {AWT-EventQueue-0} INFO  com.cakir.serviceImpl.SortieraktionServiceImpl  - No Sortieraktion entry with id : 
08 Mär 2020 13:10:06,762 {AWT-EventQueue-0} INFO  com.cakir.serviceImpl.SortieraktionServiceImpl  - No Sortieraktion entry with id : 
08 Mär 2020 13:10:12,085 {AWT-EventQueue-0} INFO  com.cakir.serviceImpl.SortieraktionServiceImpl  - No Sortieraktion entry with id : dfd
08 Mär 2020 13:15:12,893 {AWT-EventQueue-0} INFO  com.cakir.serviceImpl.SortieraktionServiceImpl  - No Sortieraktion entry with id : 
08 Mär 2020 13:15:20,002 {AWT-EventQueue-0} INFO  com.cakir.serviceImpl.SortieraktionServiceImpl  - No Sortieraktion entry with id : fdsf
08 Mär 2020 13:18:13,257 {AWT-EventQueue-0} INFO  com.cakir.serviceImpl.SortieraktionServiceImpl  - No Sortieraktion entry with id : 
08 Mär 2020 13:18:17,041 {AWT-EventQueue-0} INFO  com.cakir.serviceImpl.SortieraktionServiceImpl  - No Sortieraktion entry with id : sdfdf
08 Mär 2020 13:21:12,435 {AWT-EventQueue-0} INFO  com.cakir.serviceImpl.SortieraktionServiceImpl  - No Sortieraktion entry with id : 
08 Mär 2020 13:21:15,549 {AWT-EventQueue-0} INFO  com.cakir.serviceImpl.SortieraktionServiceImpl  - No Sortieraktion entry with id : sfsd
08 Mär 2020 13:22:36,148 {AWT-EventQueue-0} INFO  com.cakir.serviceImpl.SortieraktionServiceImpl  - No Sortieraktion entry with id : 
08 Mär 2020 13:26:36,031 {AWT-EventQueue-0} INFO  com.cakir.serviceImpl.SortieraktionServiceImpl  - No Sortieraktion entry with id : 
08 Mär 2020 13:27:25,163 {AWT-EventQueue-0} INFO  com.cakir.serviceImpl.SortieraktionServiceImpl  - No Sortieraktion entry with id : 
08 Mär 2020 13:27:33,632 {AWT-EventQueue-0} INFO  com.cakir.serviceImpl.SortieraktionServiceImpl  - No Sortieraktion entry with id : gg
08 Mär 2020 13:28:24,023 {AWT-EventQueue-0} INFO  com.cakir.serviceImpl.SortieraktionServiceImpl  - No Sortieraktion entry with id : 
08 Mär 2020 13:35:17,137 {AWT-EventQueue-0} INFO  com.cakir.serviceImpl.SortieraktionServiceImpl  - No Sortieraktion entry with id : 
08 Mär 2020 13:41:10,758 {AWT-EventQueue-0} INFO  com.cakir.serviceImpl.SortieraktionServiceImpl  - No Sortieraktion entry with id : 
08 Mär 2020 13:58:32,639 {AWT-EventQueue-0} INFO  com.cakir.serviceImpl.SortieraktionServiceImpl  - No Sortieraktion entry with id : 
08 Mär 2020 13:58:34,854 {AWT-EventQueue-0} INFO  com.cakir.serviceImpl.SortieraktionServiceImpl  - No Sortieraktion entry with id : 
08 Mär 2020 14:05:43,546 {AWT-EventQueue-0} INFO  com.cakir.serviceImpl.SortieraktionServiceImpl  - No Sortieraktion entry with id : 
08 Mär 2020 14:05:48,222 {AWT-EventQueue-0} INFO  com.cakir.serviceImpl.SortieraktionServiceImpl  - No Sortieraktion entry with id : 
08 Mär 2020 14:05:50,006 {AWT-EventQueue-0} INFO  com.cakir.serviceImpl.SortieraktionServiceImpl  - No Sortieraktion entry with id : 
08 Mär 2020 14:05:53,700 {AWT-EventQueue-0} INFO  com.cakir.serviceImpl.SortieraktionServiceImpl  - No Sortieraktion entry with id : 
08 Mär 2020 14:06:01,125 {AWT-EventQueue-0} INFO  com.cakir.serviceImpl.SortieraktionServiceImpl  - No Sortieraktion entry with id : 
08 Mär 2020 14:06:08,076 {AWT-EventQueue-0} INFO  com.cakir.serviceImpl.SortieraktionServiceImpl  - No Sortieraktion entry with id : 
08 Mär 2020 14:06:16,279 {AWT-EventQueue-0} INFO  com.cakir.serviceImpl.SortieraktionServiceImpl  - No Sortieraktion entry with id : 
08 Mär 2020 14:06:26,511 {AWT-EventQueue-0} INFO  com.cakir.serviceImpl.SortieraktionServiceImpl  - No Sortieraktion entry with id : AS567
08 Mär 2020 14:08:02,564 {AWT-EventQueue-0} INFO  com.cakir.serviceImpl.SortieraktionServiceImpl  - No Sortieraktion entry with id : AS003
08 Mär 2020 14:08:39,268 {AWT-EventQueue-0} ERROR com.cakir.serviceImpl.SortieraktionServiceImpl  - No value specified for parameter 16
08 Mär 2020 14:10:14,202 {AWT-EventQueue-0} INFO  com.cakir.serviceImpl.SortieraktionServiceImpl  - No Sortieraktion entry with id : As333
08 Mär 2020 14:10:41,245 {AWT-EventQueue-0} ERROR com.cakir.serviceImpl.DetailsServiceImpl  - Parameter index out of range (7 > number of parameters, which is 6).
08 Mär 2020 14:11:25,359 {AWT-EventQueue-0} INFO  com.cakir.serviceImpl.SortieraktionServiceImpl  - No Sortieraktion entry with id : AS334
08 Mär 2020 14:11:53,126 {AWT-EventQueue-0} ERROR com.cakir.serviceImpl.DetailsServiceImpl  - You have an error in your SQL syntax; check the manual that corresponds to your MySQL server version for the right syntax to use near 'INSET INTO details (id, beginn, anzahlStueck, anzahlStunde, bisDatum, bisLieferu' at line 1
08 Mär 2020 14:12:55,374 {AWT-EventQueue-0} INFO  com.cakir.serviceImpl.SortieraktionServiceImpl  - No Sortieraktion entry with id : Asss
08 Mär 2020 14:13:22,909 {AWT-EventQueue-0} INFO  com.cakir.serviceImpl.SortieraktionServiceImpl  - No Sortieraktion entry with id : sdd
08 Mär 2020 14:13:35,114 {AWT-EventQueue-0} ERROR com.cakir.serviceImpl.DetailsServiceImpl  - You have an error in your SQL syntax; check the manual that corresponds to your MySQL server version for the right syntax to use near 'INSET INTO details (id, beginn, anzahlStueck, anzahlStunde, bisDatum, bisLieferu' at line 1
08 Mär 2020 14:14:58,599 {AWT-EventQueue-0} INFO  com.cakir.serviceImpl.SortieraktionServiceImpl  - No Sortieraktion entry with id : As444
08 Mär 2020 14:20:43,538 {AWT-EventQueue-0} INFO  com.cakir.serviceImpl.SortieraktionServiceImpl  - No Sortieraktion entry with id : As888
08 Mär 2020 14:23:55,764 {AWT-EventQueue-0} ERROR com.cakir.serviceImpl.SortieraktionServiceImpl  - Column 'stundensatzRE' not found.
08 Mär 2020 17:04:09,067 {AWT-EventQueue-0} INFO  com.cakir.serviceImpl.SortieraktionServiceImpl  - No Sortieraktion entry with id : 3455
08 Mär 2020 17:05:01,358 {AWT-EventQueue-0} INFO  com.cakir.serviceImpl.SortieraktionServiceImpl  - No Sortieraktion entry with id : 234
08 Mär 2020 17:05:15,797 {AWT-EventQueue-0} ERROR com.cakir.serviceImpl.SortieraktionServiceImpl  - Unknown column 'stundesatzRE' in 'field list'
08 Mär 2020 17:06:00,867 {AWT-EventQueue-0} INFO  com.cakir.serviceImpl.SortieraktionServiceImpl  - No Sortieraktion entry with id : 6554
08 Mär 2020 17:06:14,649 {AWT-EventQueue-0} ERROR com.cakir.serviceImpl.SortieraktionServiceImpl  - Can't call commit when autocommit=true
08 Mär 2020 17:11:02,179 {AWT-EventQueue-0} INFO  com.cakir.serviceImpl.SortieraktionServiceImpl  - No Sortieraktion entry with id : 7766
08 Mär 2020 17:12:00,257 {AWT-EventQueue-0} INFO  com.cakir.serviceImpl.SortieraktionServiceImpl  - No Sortieraktion entry with id : 56
08 Mär 2020 17:12:15,132 {AWT-EventQueue-0} ERROR com.cakir.serviceImpl.SortieraktionServiceImpl  - Unknown column 'zwite' in 'field list'
08 Mär 2020 17:17:15,426 {AWT-EventQueue-0} INFO  com.cakir.serviceImpl.SortieraktionServiceImpl  - No Sortieraktion entry with id : cvxv
08 Mär 2020 17:17:30,750 {AWT-EventQueue-0} INFO  com.cakir.serviceImpl.DetailsServiceImpl  - No Details entry with id : 6554
08 Mär 2020 17:17:30,774 {AWT-EventQueue-0} INFO  com.cakir.serviceImpl.BreakpointServiceImpl  - No entry with id : 6554
08 Mär 2020 17:21:47,359 {AWT-EventQueue-0} INFO  com.cakir.serviceImpl.DetailsServiceImpl  - No Details entry with id : 6554
08 Mär 2020 17:21:47,382 {AWT-EventQueue-0} INFO  com.cakir.serviceImpl.BreakpointServiceImpl  - No entry with id : 6554
08 Mär 2020 17:21:47,413 {AWT-EventQueue-0} INFO  com.cakir.serviceImpl.BreakpointServiceImpl  - No entry with id : 6554
08 Mär 2020 17:25:17,522 {AWT-EventQueue-0} INFO  com.cakir.serviceImpl.SortieraktionServiceImpl  - No Sortieraktion entry with id : 
08 Mär 2020 17:25:26,165 {AWT-EventQueue-0} INFO  com.cakir.serviceImpl.SortieraktionServiceImpl  - No Sortieraktion entry with id : 
08 Mär 2020 17:26:24,623 {AWT-EventQueue-0} INFO  com.cakir.serviceImpl.SortieraktionServiceImpl  - No Sortieraktion entry with id : 
09 Mär 2020 20:14:48,527 {AWT-EventQueue-0} INFO  com.cakir.serviceImpl.SortieraktionServiceImpl  - No Sortieraktion entry with id : CVXV
09 Mär 2020 20:17:02,734 {AWT-EventQueue-0} INFO  com.cakir.serviceImpl.SortieraktionServiceImpl  - No Sortieraktion entry with id : sdds
09 Mär 2020 20:17:05,069 {AWT-EventQueue-0} INFO  com.cakir.serviceImpl.SortieraktionServiceImpl  - No Sortieraktion entry with id : sddsd
09 Mär 2020 20:17:50,860 {AWT-EventQueue-0} INFO  com.cakir.serviceImpl.SortieraktionServiceImpl  - No Sortieraktion entry with id : dfd
09 Mär 2020 20:17:52,441 {AWT-EventQueue-0} INFO  com.cakir.serviceImpl.SortieraktionServiceImpl  - No Sortieraktion entry with id : dfdds
09 Mär 2020 20:17:54,560 {AWT-EventQueue-0} INFO  com.cakir.serviceImpl.SortieraktionServiceImpl  - No Sortieraktion entry with id : dfddssd
09 Mär 2020 20:18:28,038 {AWT-EventQueue-0} INFO  com.cakir.serviceImpl.SortieraktionServiceImpl  - No Sortieraktion entry with id : DFFG56454
09 Mär 2020 20:18:32,143 {AWT-EventQueue-0} INFO  com.cakir.serviceImpl.SortieraktionServiceImpl  - No Sortieraktion entry with id : DFFG5645
09 Mär 2020 20:18:35,750 {AWT-EventQueue-0} INFO  com.cakir.serviceImpl.SortieraktionServiceImpl  - No Sortieraktion entry with id : 
09 Mär 2020 20:18:44,347 {AWT-EventQueue-0} INFO  com.cakir.serviceImpl.SortieraktionServiceImpl  - No Sortieraktion entry with id : CVXv
09 Mär 2020 20:18:46,747 {AWT-EventQueue-0} INFO  com.cakir.serviceImpl.SortieraktionServiceImpl  - No Sortieraktion entry with id : CVXv
09 Mär 2020 20:18:53,392 {AWT-EventQueue-0} INFO  com.cakir.serviceImpl.SortieraktionServiceImpl  - No Sortieraktion entry with id : CVXv
09 Mär 2020 20:20:47,688 {AWT-EventQueue-0} INFO  com.cakir.serviceImpl.SortieraktionServiceImpl  - No Sortieraktion entry with id : c
09 Mär 2020 20:21:40,121 {AWT-EventQueue-0} INFO  com.cakir.serviceImpl.SortieraktionServiceImpl  - No Sortieraktion entry with id : CVXV
09 Mär 2020 20:22:08,469 {AWT-EventQueue-0} INFO  com.cakir.serviceImpl.SortieraktionServiceImpl  - No Sortieraktion entry with id : AS004
09 Mär 2020 20:26:53,940 {AWT-EventQueue-0} INFO  com.cakir.serviceImpl.SortieraktionServiceImpl  - No Sortieraktion entry with id : 
09 Mär 2020 20:44:43,761 {AWT-EventQueue-0} INFO  com.cakir.serviceImpl.SortieraktionServiceImpl  - No Sortieraktion entry with id : 
09 Mär 2020 20:44:52,372 {AWT-EventQueue-0} INFO  com.cakir.serviceImpl.SortieraktionServiceImpl  - No Sortieraktion entry with id : 
09 Mär 2020 20:45:01,001 {AWT-EventQueue-0} INFO  com.cakir.serviceImpl.SortieraktionServiceImpl  - No Sortieraktion entry with id : AS567
09 Mär 2020 20:53:08,942 {AWT-EventQueue-0} INFO  com.cakir.serviceImpl.SortieraktionServiceImpl  - No Sortieraktion entry with id : AS222
09 Mär 2020 20:54:14,962 {AWT-EventQueue-0} INFO  com.cakir.serviceImpl.SortieraktionServiceImpl  - No Sortieraktion entry with id : 
09 Mär 2020 20:57:38,123 {AWT-EventQueue-0} INFO  com.cakir.serviceImpl.SortieraktionServiceImpl  - No Sortieraktion entry with id : AS789
09 Mär 2020 21:15:53,968 {AWT-EventQueue-0} INFO  com.cakir.serviceImpl.SortieraktionServiceImpl  - No Sortieraktion entry with id : 
09 Mär 2020 21:18:41,247 {AWT-EventQueue-0} ERROR com.cakir.serviceImpl.SortieraktionServiceImpl  - You have an error in your SQL syntax; check the manual that corresponds to your MySQL server version for the right syntax to use near 'SET aktion datum='08.03.2020', kunde_id=4, dunsnummer='', kontakt_id=3, teil_id=' at line 1
09 Mär 2020 21:20:27,235 {AWT-EventQueue-0} INFO  com.cakir.serviceImpl.SortieraktionServiceImpl  - No Sortieraktion entry with id : 
09 Mär 2020 21:20:30,143 {AWT-EventQueue-0} ERROR com.cakir.serviceImpl.SortieraktionServiceImpl  - You have an error in your SQL syntax; check the manual that corresponds to your MySQL server version for the right syntax to use near 'freigabe=1, WHERE id='cvxv'' at line 1
09 Mär 2020 21:21:16,239 {AWT-EventQueue-0} ERROR com.cakir.serviceImpl.SortieraktionServiceImpl  - You have an error in your SQL syntax; check the manual that corresponds to your MySQL server version for the right syntax to use near 'freigabe=1 WHERE id='cvxv'' at line 1
09 Mär 2020 21:21:44,550 {AWT-EventQueue-0} ERROR com.cakir.serviceImpl.SortieraktionServiceImpl  - Unknown column 'stundesatzRE' in 'field list'
09 Mär 2020 21:22:15,099 {AWT-EventQueue-0} ERROR com.cakir.serviceImpl.SortieraktionServiceImpl  - Can't call commit when autocommit=true
09 Mär 2020 22:23:03,850 {AWT-EventQueue-0} INFO  com.cakir.serviceImpl.SortieraktionServiceImpl  - No Sortieraktion entry with id : 
09 Mär 2020 22:23:51,464 {AWT-EventQueue-0} INFO  com.cakir.serviceImpl.SortieraktionServiceImpl  - No Sortieraktion entry with id : AS0347
12 Mär 2020 20:30:58,057 {AWT-EventQueue-0} INFO  com.cakir.serviceImpl.SortieraktionServiceImpl  - No Sortieraktion entry with id : 
12 Mär 2020 20:33:42,727 {AWT-EventQueue-0} INFO  com.cakir.serviceImpl.SortieraktionServiceImpl  - No Sortieraktion entry with id : 
12 Mär 2020 20:35:00,631 {AWT-EventQueue-0} INFO  com.cakir.serviceImpl.SortieraktionServiceImpl  - No Sortieraktion entry with id : AS465
12 Mär 2020 21:20:21,940 {AWT-EventQueue-0} INFO  com.cakir.serviceImpl.SortieraktionServiceImpl  - No Sortieraktion entry with id : 
